<?xml version="1.0" encoding="UTF-8"?>
<testsuites>
  <testsuite name="performing_a_login1" timestamp="2018-09-05T16:11:05" time="4.977" tests="0" failures="0" errors="0" skipped="0">
    <properties>
      <property name="specId" value="e15a0fd8523345f002e9f7d1753492ec"/>
      <property name="suiteName" value="Performing a login1"/>
      <property name="capabilities" value="chrome"/>
    </properties>
  </testsuite>
  <testsuite name="performing_login_operation_with_passing_test_data_as_data_table17" timestamp="2018-09-05T16:11:06" time="4.967" tests="3" failures="0" errors="0" skipped="0">
    <properties>
      <property name="specId" value="e15a0fd8523345f002e9f7d1753492ec"/>
      <property name="suiteName" value="Performing login operation with passing test data as data table17"/>
      <property name="capabilities" value="chrome"/>
    </properties>
    <testcase classname="chrome.Performing login operation with passing test data as data table17" name="I am on the phptravels page9" time="5.148"/>
    <testcase classname="chrome.Performing login operation with passing test data as data table17" name="I login with username and password &quot;user@phptravels.com&quot; &quot;demouser&quot; into the text box12" time="2.593"/>
    <testcase classname="chrome.Performing login operation with passing test data as data table17" name="I should see the message &quot;Hi, Johny Smith&quot; on my account page13" time="0.23"/>
  </testsuite>
</testsuites>